0 info it worked if it ends with ok
1 verbose cli [ '/usr/local/bin/node', '/usr/local/bin/npm', 'start' ]
2 info using npm@3.10.3
3 info using node@v6.6.0
4 verbose run-script [ 'prestart', 'start', 'poststart' ]
5 info lifecycle react-examples@1.3.5~prestart: react-examples@1.3.5
6 silly lifecycle react-examples@1.3.5~prestart: no script for prestart, continuing
7 info lifecycle react-examples@1.3.5~start: react-examples@1.3.5
8 verbose lifecycle react-examples@1.3.5~start: unsafe-perm in lifecycle true
9 verbose lifecycle react-examples@1.3.5~start: PATH: /usr/local/lib/node_modules/npm/bin/node-gyp-bin:/Users/dulin/workspace/react-examples/node_modules/.bin:/usr/local/bin:/usr/local/bin:/usr/bin:/bin:/usr/sbin:/sbin
10 verbose lifecycle react-examples@1.3.5~start: CWD: /Users/dulin/workspace/react-examples
11 silly lifecycle react-examples@1.3.5~start: Args: [ '-c', 'webpack-dev-server --progress --inline --hot' ]
12 silly lifecycle react-examples@1.3.5~start: Returned: code: 1  signal: null
13 info lifecycle react-examples@1.3.5~start: Failed to exec start script
14 verbose stack Error: react-examples@1.3.5 start: `webpack-dev-server --progress --inline --hot`
14 verbose stack Exit status 1
14 verbose stack     at EventEmitter.<anonymous> (/usr/local/lib/node_modules/npm/lib/utils/lifecycle.js:242:16)
14 verbose stack     at emitTwo (events.js:106:13)
14 verbose stack     at EventEmitter.emit (events.js:191:7)
14 verbose stack     at ChildProcess.<anonymous> (/usr/local/lib/node_modules/npm/lib/utils/spawn.js:40:14)
14 verbose stack     at emitTwo (events.js:106:13)
14 verbose stack     at ChildProcess.emit (events.js:191:7)
14 verbose stack     at maybeClose (internal/child_process.js:877:16)
14 verbose stack     at Process.ChildProcess._handle.onexit (internal/child_process.js:226:5)
15 verbose pkgid react-examples@1.3.5
16 verbose cwd /Users/dulin/workspace/react-examples
17 error Darwin 15.6.0
18 error argv "/usr/local/bin/node" "/usr/local/bin/npm" "start"
19 error node v6.6.0
20 error npm  v3.10.3
21 error code ELIFECYCLE
22 error react-examples@1.3.5 start: `webpack-dev-server --progress --inline --hot`
22 error Exit status 1
23 error Failed at the react-examples@1.3.5 start script 'webpack-dev-server --progress --inline --hot'.
23 error Make sure you have the latest version of node.js and npm installed.
23 error If you do, this is most likely a problem with the react-examples package,
23 error not with npm itself.
23 error Tell the author that this fails on your system:
23 error     webpack-dev-server --progress --inline --hot
23 error You can get information on how to open an issue for this project with:
23 error     npm bugs react-examples
23 error Or if that isn't available, you can get their info via:
23 error     npm owner ls react-examples
23 error There is likely additional logging output above.
24 verbose exit [ 1, true ]
